e:\circlemeasuring\circlemeasuring\x64\release\circlemeasuring.pch
e:\circlemeasuring\circlemeasuring\x64\release\vc140.pdb
e:\circlemeasuring\circlemeasuring\x64\release\stdafx.obj
e:\circlemeasuring\circlemeasuring\x64\release\stdstring.obj
e:\circlemeasuring\circlemeasuring\x64\release\fileio.obj
e:\circlemeasuring\circlemeasuring\x64\release\config.obj
e:\circlemeasuring\circlemeasuring\x64\release\configdlg.obj
e:\circlemeasuring\circlemeasuring\x64\release\circlemeasuringdlg.obj
e:\circlemeasuring\circlemeasuring\x64\release\circlemeasuring.obj
e:\circlemeasuring\x64\release\circlemeasuring.exe
e:\circlemeasuring\x64\release\circlemeasuring.ipdb
e:\circlemeasuring\x64\release\circlemeasuring.iobj
e:\circlemeasuring\x64\release\circlemeasuring.pdb
e:\circlemeasuring\circlemeasuring\x64\release\circlemeasuring.res
e:\circlemeasuring\circlemeasuring\x64\release\circlemeasuring.tlog\cl.command.1.tlog
e:\circlemeasuring\circlemeasuring\x64\release\circlemeasuring.tlog\cl.read.1.tlog
e:\circlemeasuring\circlemeasuring\x64\release\circlemeasuring.tlog\cl.write.1.tlog
e:\circlemeasuring\circlemeasuring\x64\release\circlemeasuring.tlog\link.command.1.tlog
e:\circlemeasuring\circlemeasuring\x64\release\circlemeasuring.tlog\link.read.1.tlog
e:\circlemeasuring\circlemeasuring\x64\release\circlemeasuring.tlog\link.write.1.tlog
e:\circlemeasuring\circlemeasuring\x64\release\circlemeasuring.tlog\rc.command.1.tlog
e:\circlemeasuring\circlemeasuring\x64\release\circlemeasuring.tlog\rc.read.1.tlog
e:\circlemeasuring\circlemeasuring\x64\release\circlemeasuring.tlog\rc.write.1.tlog
